********************************************************************************
DUPLICATOR-LITE PACKAGE-LOG: 12/08/2021 8:52 pm
NOTICE: Do NOT post to public sites or forums 
********************************************************************************
VERSION:	1.4.2
WORDPRESS:	5.8
PHP INFO:	7.3.5 | SAPI: cgi-fcgi
SERVER:		nginx/1.16.0 
PHP TIME LIMIT: (0) no time limit imposed 
PHP MAX MEMORY: 4294967296 (256M default) 
MEMORY STACK: 2MB

********************************************************************************
DATABASE:
********************************************************************************
BUILD MODE:   PHP(query limit - 100)
MYSQLTIMEOUT: 5000
MYSQLDUMP:    Not Supported
TABLES: total:42 | filtered:0 | create:42
FILTERED: []
SQL CREATED: 20210812_espacoplannar_115894cde79956699481_20210812205232_database.sql
SQL FILE SIZE: 2.63MB (2758880)
SQL FILE TIME: 2021-08-12 20:52:53
SQL RUNTIME: 4.22 sec.

********************************************************************************
ARCHIVE (ZIP):
********************************************************************************
ARCHIVE DIR:  D:/sites/espaco-plannar/app/public
ARCHIVE FILE: 20210812_espacoplannar_115894cde79956699481_20210812205232_archive.zip
FILTERS: *OFF*
DIRS:
	not set
FILES:
	not set
EXTS:  not set
----------------------------------------
COMPRESSING
SIZE:	134.43MB
STATS:	Dirs 822 | Files 5,918
SQL ADDED: 20210812_espacoplannar_115894cde79956699481_20210812205232_database.sql
ZipArchive Object
(
    [status] => 0
    [statusSys] => 0
    [numFiles] => 6740
    [filename] => D:\sites\espaco-plannar\app\public\wp-content\backups-dup-lite\tmp\20210812_espacoplannar_115894cde79956699481_20210812205232_archive.zip
    [comment] => 
)

FILE ADDED TO ZIP: 6739
COMPRESSION RESULT: '1'
COMPRESSED SIZE: 74.84MB
ARCHIVE RUNTIME: 53.10 sec.
MEMORY STACK: 4MB
building installer
add_extra_files1
add_extra_files2
add_extra_files3
add_extra_files4
Doing archive file check
add_extra_files5
add_extra_files6
add_extra_files8
Successfully opened zip D:/sites/espaco-plannar/app/public/wp-content/backups-dup-lite/tmp/20210812_espacoplannar_115894cde79956699481_20210812205232_archive.zip
Adding enhanced installer files to archive using ZipArchive
Installer files added to archive
Added to archive
After ziparchive close when adding installer

********************************************************************************
INTEGRITY CHECKS:
********************************************************************************
SQL FILE: 2.63MB
INSTALLER FILE: 64.26KB
ARCHIVE FILE: 76.23MB 
EXPECTED FILE/DIRECTORY COUNT: 6,740
ACTUAL FILE/DIRECTORY COUNT: 6,739
ARCHIVE CONSISTENCY TEST: Pass

********************************************************************************
RECORD ID:[1]
TOTAL PROCESS RUNTIME: 59.04 sec.
PEAK PHP MEMORY USED: 8MB
DONE PROCESSING => 20210812_espacoplannar 12/08/2021 8:53 pm

